{"meta": {"format": 3, "version": "7.13.5", "timestamp": "2026-04-20T14:57:32.741175", "branch_coverage": false, "show_contexts": false}, "files": {"src/__init__.py": {"executed_lines": [], "summary": {"covered_lines": 0, "num_statements": 0, "percent_covered": 100.0, "percent_covered_display": "100", "missing_lines": 0, "excluded_lines": 0, "percent_statements_covered": 100.0, "percent_statements_covered_display": "100"}, "missing_lines": [], "excluded_lines": [], "functions": {"": {"executed_lines": [], "summary": {"covered_lines": 0, "num_statements": 0, "percent_covered": 100.0, "percent_covered_display": "100", "missing_lines": 0, "excluded_lines": 0, "percent_statements_covered": 100.0, "percent_statements_covered_display": "100"}, "missing_lines": [], "excluded_lines": [], "start_line": 1}}, "classes": {"": {"executed_lines": [], "summary": {"covered_lines": 0, "num_statements": 0, "percent_covered": 100.0, "percent_covered_display": "100", "missing_lines": 0, "excluded_lines": 0, "percent_statements_covered": 100.0, "percent_statements_covered_display": "100"}, "missing_lines": [], "excluded_lines": [], "start_line": 1}}}, "src/audio_converter.py": {"executed_lines": [8, 9, 10, 11, 12, 14, 17, 20, 22, 25, 35, 40, 43, 56, 57, 59, 60, 61, 107, 119, 120, 122, 123, 124, 156, 166, 168, 169, 172, 173, 212, 213, 214], "summary": {"covered_lines": 33, "num_statements": 70, "percent_covered": 47.142857142857146, "percent_covered_display": "47", "missing_lines": 37, "excluded_lines": 0, "percent_statements_covered": 47.142857142857146, "percent_statements_covered_display": "47"}, "missing_lines": [36, 64, 66, 67, 74, 89, 90, 91, 93, 94, 96, 97, 98, 99, 100, 101, 102, 103, 104, 126, 128, 129, 131, 145, 146, 147, 149, 151, 152, 153, 170, 187, 190, 198, 203, 204, 210], "excluded_lines": [], "functions": {"is_ffmpeg_available": {"executed_lines": [22], "summary": {"covered_lines": 1, "num_statements": 1, "percent_covered": 100.0, "percent_covered_display": "100", "missing_lines": 0, "excluded_lines": 0, "percent_statements_covered": 100.0, "percent_statements_covered_display": "100"}, "missing_lines": [], "excluded_lines": [], "start_line": 20}, "get_ffmpeg_path": {"executed_lines": [35, 40], "summary": {"covered_lines": 2, "num_statements": 3, "percent_covered": 66.66666666666667, "percent_covered_display": "67", "missing_lines": 1, "excluded_lines": 0, "percent_statements_covered": 66.66666666666667, "percent_statements_covered_display": "67"}, "missing_lines": [36], "excluded_lines": [], "start_line": 25}, "convert_mp3_to_wav": {"executed_lines": [56, 57, 59, 60, 61], "summary": {"covered_lines": 5, "num_statements": 23, "percent_covered": 21.73913043478261, "percent_covered_display": "22", "missing_lines": 18, "excluded_lines": 0, "percent_statements_covered": 21.73913043478261, "percent_statements_covered_display": "22"}, "missing_lines": [64, 66, 67, 74, 89, 90, 91, 93, 94, 96, 97, 98, 99, 100, 101, 102, 103, 104], "excluded_lines": [], "start_line": 43}, "convert_wav_to_mp3": {"executed_lines": [119, 120, 122, 123, 124], "summary": {"covered_lines": 5, "num_statements": 16, "percent_covered": 31.25, "percent_covered_display": "31", "missing_lines": 11, "excluded_lines": 0, "percent_statements_covered": 31.25, "percent_statements_covered_display": "31"}, "missing_lines": [126, 128, 129, 131, 145, 146, 147, 149, 151, 152, 153], "excluded_lines": [], "start_line": 107}, "get_audio_info": {"executed_lines": [166, 168, 169, 172, 173, 212, 213, 214], "summary": {"covered_lines": 8, "num_statements": 15, "percent_covered": 53.333333333333336, "percent_covered_display": "53", "missing_lines": 7, "excluded_lines": 0, "percent_statements_covered": 53.333333333333336, "percent_statements_covered_display": "53"}, "missing_lines": [170, 187, 190, 198, 203, 204, 210], "excluded_lines": [], "start_line": 156}, "": {"executed_lines": [8, 9, 10, 11, 12, 14, 17, 20, 25, 43, 107, 156], "summary": {"covered_lines": 12, "num_statements": 12, "percent_covered": 100.0, "percent_covered_display": "100", "missing_lines": 0, "excluded_lines": 0, "percent_statements_covered": 100.0, "percent_statements_covered_display": "100"}, "missing_lines": [], "excluded_lines": [], "start_line": 1}}, "classes": {"": {"executed_lines": [8, 9, 10, 11, 12, 14, 17, 20, 22, 25, 35, 40, 43, 56, 57, 59, 60, 61, 107, 119, 120, 122, 123, 124, 156, 166, 168, 169, 172, 173, 212, 213, 214], "summary": {"covered_lines": 33, "num_statements": 70, "percent_covered": 47.142857142857146, "percent_covered_display": "47", "missing_lines": 37, "excluded_lines": 0, "percent_statements_covered": 47.142857142857146, "percent_statements_covered_display": "47"}, "missing_lines": [36, 64, 66, 67, 74, 89, 90, 91, 93, 94, 96, 97, 98, 99, 100, 101, 102, 103, 104, 126, 128, 129, 131, 145, 146, 147, 149, 151, 152, 153, 170, 187, 190, 198, 203, 204, 210], "excluded_lines": [], "start_line": 1}}}, "src/cache/__init__.py": {"executed_lines": [], "summary": {"covered_lines": 0, "num_statements": 0, "percent_covered": 100.0, "percent_covered_display": "100", "missing_lines": 0, "excluded_lines": 0, "percent_statements_covered": 100.0, "percent_statements_covered_display": "100"}, "missing_lines": [], "excluded_lines": [], "functions": {"": {"executed_lines": [], "summary": {"covered_lines": 0, "num_statements": 0, "percent_covered": 100.0, "percent_covered_display": "100", "missing_lines": 0, "excluded_lines": 0, "percent_statements_covered": 100.0, "percent_statements_covered_display": "100"}, "missing_lines": [], "excluded_lines": [], "start_line": 1}}, "classes": {"": {"executed_lines": [], "summary": {"covered_lines": 0, "num_statements": 0, "percent_covered": 100.0, "percent_covered_display": "100", "missing_lines": 0, "excluded_lines": 0, "percent_statements_covered": 100.0, "percent_statements_covered_display": "100"}, "missing_lines": [], "excluded_lines": [], "start_line": 1}}}, "src/cache/redis_cache.py": {"executed_lines": [3, 4, 5, 6, 8, 9, 13, 18, 19, 21, 22, 23, 24, 25, 45, 47, 50, 52, 54, 55, 56, 64, 72, 77, 79, 109, 146, 170, 190, 192, 215], "summary": {"covered_lines": 31, "num_statements": 100, "percent_covered": 31.0, "percent_covered_display": "31", "missing_lines": 69, "excluded_lines": 0, "percent_statements_covered": 31.0, "percent_statements_covered_display": "31"}, "missing_lines": [10, 11, 15, 26, 27, 30, 38, 46, 49, 65, 66, 67, 68, 69, 70, 71, 74, 78, 81, 94, 95, 97, 98, 99, 101, 102, 103, 105, 106, 107, 108, 111, 132, 133, 135, 136, 137, 142, 143, 144, 145, 148, 161, 162, 164, 165, 166, 167, 168, 169, 172, 179, 180, 182, 183, 184, 185, 186, 187, 188, 189, 194, 195, 196, 197, 201, 204, 216, 217], "excluded_lines": [], "functions": {"RedisCache.__init__": {"executed_lines": [45, 47, 50], "summary": {"covered_lines": 3, "num_statements": 5, "percent_covered": 60.0, "percent_covered_display": "60", "missing_lines": 2, "excluded_lines": 0, "percent_statements_covered": 60.0, "percent_statements_covered_display": "60"}, "missing_lines": [46, 49], "excluded_lines": [], "start_line": 38}, "RedisCache._connect": {"executed_lines": [54, 55, 56, 64, 72], "summary": {"covered_lines": 5, "num_statements": 12, "percent_covered": 41.666666666666664, "percent_covered_display": "42", "missing_lines": 7, "excluded_lines": 0, "percent_statements_covered": 41.666666666666664, "percent_statements_covered_display": "42"}, "missing_lines": [65, 66, 67, 68, 69, 70, 71], "excluded_lines": [], "start_line": 52}, "RedisCache._generate_key": {"executed_lines": [77, 79], "summary": {"covered_lines": 2, "num_statements": 3, "percent_covered": 66.66666666666667, "percent_covered_display": "67", "missing_lines": 1, "excluded_lines": 0, "percent_statements_covered": 66.66666666666667, "percent_statements_covered_display": "67"}, "missing_lines": [78], "excluded_lines": [], "start_line": 74}, "RedisCache.get": {"executed_lines": [109], "summary": {"covered_lines": 1, "num_statements": 13, "percent_covered": 7.6923076923076925, "percent_covered_display": "8", "missing_lines": 12, "excluded_lines": 0, "percent_statements_covered": 7.6923076923076925, "percent_statements_covered_display": "8"}, "missing_lines": [94, 95, 97, 98, 99, 101, 102, 103, 105, 106, 107, 108], "excluded_lines": [], "start_line": 81}, "RedisCache.set": {"executed_lines": [146], "summary": {"covered_lines": 1, "num_statements": 10, "percent_covered": 10.0, "percent_covered_display": "10", "missing_lines": 9, "excluded_lines": 0, "percent_statements_covered": 10.0, "percent_statements_covered_display": "10"}, "missing_lines": [132, 133, 135, 136, 137, 142, 143, 144, 145], "excluded_lines": [], "start_line": 111}, "RedisCache.delete": {"executed_lines": [170], "summary": {"covered_lines": 1, "num_statements": 9, "percent_covered": 11.11111111111111, "percent_covered_display": "11", "missing_lines": 8, "excluded_lines": 0, "percent_statements_covered": 11.11111111111111, "percent_statements_covered_display": "11"}, "missing_lines": [161, 162, 164, 165, 166, 167, 168, 169], "excluded_lines": [], "start_line": 148}, "RedisCache.clear": {"executed_lines": [190], "summary": {"covered_lines": 1, "num_statements": 11, "percent_covered": 9.090909090909092, "percent_covered_display": "9", "missing_lines": 10, "excluded_lines": 0, "percent_statements_covered": 9.090909090909092, "percent_statements_covered_display": "9"}, "missing_lines": [179, 180, 182, 183, 184, 185, 186, 187, 188, 189], "excluded_lines": [], "start_line": 172}, "RedisCache.close": {"executed_lines": [], "summary": {"covered_lines": 0, "num_statements": 4, "percent_covered": 0.0, "percent_covered_display": "0", "missing_lines": 4, "excluded_lines": 0, "percent_statements_covered": 0.0, "percent_statements_covered_display": "0"}, "missing_lines": [194, 195, 196, 197], "excluded_lines": [], "start_line": 192}, "get_cache": {"executed_lines": [215], "summary": {"covered_lines": 1, "num_statements": 3, "percent_covered": 33.333333333333336, "percent_covered_display": "33", "missing_lines": 2, "excluded_lines": 0, "percent_statements_covered": 33.333333333333336, "percent_statements_covered_display": "33"}, "missing_lines": [216, 217], "excluded_lines": [], "start_line": 204}, "": {"executed_lines": [3, 4, 5, 6, 8, 9, 13, 18, 19, 21, 22, 23, 24, 25, 52, 192], "summary": {"covered_lines": 16, "num_statements": 30, "percent_covered": 53.333333333333336, "percent_covered_display": "53", "missing_lines": 14, "excluded_lines": 0, "percent_statements_covered": 53.333333333333336, "percent_statements_covered_display": "53"}, "missing_lines": [10, 11, 15, 26, 27, 30, 38, 74, 81, 111, 148, 172, 201, 204], "excluded_lines": [], "start_line": 1}}, "classes": {"CacheConfig": {"executed_lines": [], "summary": {"covered_lines": 0, "num_statements": 0, "percent_covered": 100.0, "percent_covered_display": "100", "missing_lines": 0, "excluded_lines": 0, "percent_statements_covered": 100.0, "percent_statements_covered_display": "100"}, "missing_lines": [], "excluded_lines": [], "start_line": 19}, "RedisCache": {"executed_lines": [45, 47, 50, 54, 55, 56, 64, 72, 77, 79, 109, 146, 170, 190], "summary": {"covered_lines": 14, "num_statements": 67, "percent_covered": 20.895522388059703, "percent_covered_display": "21", "missing_lines": 53, "excluded_lines": 0, "percent_statements_covered": 20.895522388059703, "percent_statements_covered_display": "21"}, "missing_lines": [46, 49, 65, 66, 67, 68, 69, 70, 71, 78, 94, 95, 97, 98, 99, 101, 102, 103, 105, 106, 107, 108, 132, 133, 135, 136, 137, 142, 143, 144, 145, 161, 162, 164, 165, 166, 167, 168, 169, 179, 180, 182, 183, 184, 185, 186, 187, 188, 189, 194, 195, 196, 197], "excluded_lines": [], "start_line": 30}, "": {"executed_lines": [3, 4, 5, 6, 8, 9, 13, 18, 19, 21, 22, 23, 24, 25, 52, 192, 215], "summary": {"covered_lines": 17, "num_statements": 33, "percent_covered": 51.515151515151516, "percent_covered_display": "52", "missing_lines": 16, "excluded_lines": 0, "percent_statements_covered": 51.515151515151516, "percent_statements_covered_display": "52"}, "missing_lines": [10, 11, 15, 26, 27, 30, 38, 74, 81, 111, 148, 172, 201, 204, 216, 217], "excluded_lines": [], "start_line": 1}}}, "src/cli.py": {"executed_lines": [12, 13, 14, 15, 16, 19, 21, 26, 27, 29, 33, 36, 38, 52, 59, 66, 73, 81, 89, 95, 102, 109, 112, 125, 127, 128, 129, 130, 131, 133, 135, 144, 164, 165, 167, 168, 170, 173, 257, 263], "summary": {"covered_lines": 40, "num_statements": 86, "percent_covered": 46.51162790697674, "percent_covered_display": "47", "missing_lines": 46, "excluded_lines": 0, "percent_statements_covered": 46.51162790697674, "percent_statements_covered_display": "47"}, "missing_lines": [138, 139, 141, 183, 185, 187, 188, 189, 192, 195, 196, 199, 202, 204, 206, 214, 215, 216, 219, 220, 221, 222, 225, 226, 227, 229, 232, 233, 235, 236, 237, 239, 242, 244, 246, 247, 248, 249, 250, 251, 252, 253, 254, 259, 260, 264], "excluded_lines": [], "functions": {"parse_args": {"executed_lines": [38, 52, 59, 66, 73, 81, 89, 95, 102, 109], "summary": {"covered_lines": 10, "num_statements": 10, "percent_covered": 100.0, "percent_covered_display": "100", "missing_lines": 0, "excluded_lines": 0, "percent_statements_covered": 100.0, "percent_statements_covered_display": "100"}, "missing_lines": [], "excluded_lines": [], "start_line": 36}, "read_input": {"executed_lines": [125, 127, 128, 129, 130, 131, 133, 135], "summary": {"covered_lines": 8, "num_statements": 11, "percent_covered": 72.72727272727273, "percent_covered_display": "73", "missing_lines": 3, "excluded_lines": 0, "percent_statements_covered": 72.72727272727273, "percent_statements_covered_display": "73"}, "missing_lines": [138, 139, 141], "excluded_lines": [], "start_line": 112}, "synthesize": {"executed_lines": [164, 165, 167, 168, 170], "summary": {"covered_lines": 5, "num_statements": 5, "percent_covered": 100.0, "percent_covered_display": "100", "missing_lines": 0, "excluded_lines": 0, "percent_statements_covered": 100.0, "percent_statements_covered_display": "100"}, "missing_lines": [], "excluded_lines": [], "start_line": 144}, "main_async": {"executed_lines": [], "summary": {"covered_lines": 0, "num_statements": 40, "percent_covered": 0.0, "percent_covered_display": "0", "missing_lines": 40, "excluded_lines": 0, "percent_statements_covered": 0.0, "percent_statements_covered_display": "0"}, "missing_lines": [183, 185, 187, 188, 189, 192, 195, 196, 199, 202, 204, 206, 214, 215, 216, 219, 220, 221, 222, 225, 226, 227, 229, 232, 233, 235, 236, 237, 239, 242, 244, 246, 247, 248, 249, 250, 251, 252, 253, 254], "excluded_lines": [], "start_line": 173}, "main": {"executed_lines": [], "summary": {"covered_lines": 0, "num_statements": 2, "percent_covered": 0.0, "percent_covered_display": "0", "missing_lines": 2, "excluded_lines": 0, "percent_statements_covered": 0.0, "percent_statements_covered_display": "0"}, "missing_lines": [259, 260], "excluded_lines": [], "start_line": 257}, "": {"executed_lines": [12, 13, 14, 15, 16, 19, 21, 26, 27, 29, 33, 36, 112, 144, 173, 257, 263], "summary": {"covered_lines": 17, "num_statements": 18, "percent_covered": 94.44444444444444, "percent_covered_display": "94", "missing_lines": 1, "excluded_lines": 0, "percent_statements_covered": 94.44444444444444, "percent_statements_covered_display": "94"}, "missing_lines": [264], "excluded_lines": [], "start_line": 1}}, "classes": {"": {"executed_lines": [12, 13, 14, 15, 16, 19, 21, 26, 27, 29, 33, 36, 38, 52, 59, 66, 73, 81, 89, 95, 102, 109, 112, 125, 127, 128, 129, 130, 131, 133, 135, 144, 164, 165, 167, 168, 170, 173, 257, 263], "summary": {"covered_lines": 40, "num_statements": 86, "percent_covered": 46.51162790697674, "percent_covered_display": "47", "missing_lines": 46, "excluded_lines": 0, "percent_statements_covered": 46.51162790697674, "percent_statements_covered_display": "47"}, "missing_lines": [138, 139, 141, 183, 185, 187, 188, 189, 192, 195, 196, 199, 202, 204, 206, 214, 215, 216, 219, 220, 221, 222, 225, 226, 227, 229, 232, 233, 235, 236, 237, 239, 242, 244, 246, 247, 248, 249, 250, 251, 252, 253, 254, 259, 260, 264], "excluded_lines": [], "start_line": 1}}}, "src/config.py": {"executed_lines": [3, 6, 7, 10, 11, 12, 13, 14, 15, 18, 19, 22, 23, 26, 34, 35], "summary": {"covered_lines": 16, "num_statements": 16, "percent_covered": 100.0, "percent_covered_display": "100", "missing_lines": 0, "excluded_lines": 0, "percent_statements_covered": 100.0, "percent_statements_covered_display": "100"}, "missing_lines": [], "excluded_lines": [], "functions": {"": {"executed_lines": [3, 6, 7, 10, 11, 12, 13, 14, 15, 18, 19, 22, 23, 26, 34, 35], "summary": {"covered_lines": 16, "num_statements": 16, "percent_covered": 100.0, "percent_covered_display": "100", "missing_lines": 0, "excluded_lines": 0, "percent_statements_covered": 100.0, "percent_statements_covered_display": "100"}, "missing_lines": [], "excluded_lines": [], "start_line": 1}}, "classes": {"": {"executed_lines": [3, 6, 7, 10, 11, 12, 13, 14, 15, 18, 19, 22, 23, 26, 34, 35], "summary": {"covered_lines": 16, "num_statements": 16, "percent_covered": 100.0, "percent_covered_display": "100", "missing_lines": 0, "excluded_lines": 0, "percent_statements_covered": 100.0, "percent_statements_covered_display": "100"}, "missing_lines": [], "excluded_lines": [], "start_line": 1}}}, "src/engines/__init__.py": {"executed_lines": [], "summary": {"covered_lines": 0, "num_statements": 0, "percent_covered": 100.0, "percent_covered_display": "100", "missing_lines": 0, "excluded_lines": 0, "percent_statements_covered": 100.0, "percent_statements_covered_display": "100"}, "missing_lines": [], "excluded_lines": [], "functions": {"": {"executed_lines": [], "summary": {"covered_lines": 0, "num_statements": 0, "percent_covered": 100.0, "percent_covered_display": "100", "missing_lines": 0, "excluded_lines": 0, "percent_statements_covered": 100.0, "percent_statements_covered_display": "100"}, "missing_lines": [], "excluded_lines": [], "start_line": 1}}, "classes": {"": {"executed_lines": [], "summary": {"covered_lines": 0, "num_statements": 0, "percent_covered": 100.0, "percent_covered_display": "100", "missing_lines": 0, "excluded_lines": 0, "percent_statements_covered": 100.0, "percent_statements_covered_display": "100"}, "missing_lines": [], "excluded_lines": [], "start_line": 1}}}, "src/engines/ssml_parser.py": {"executed_lines": [3, 4, 5, 6, 7, 9, 12, 13, 15, 16, 17, 18, 21, 22, 24, 25, 26, 27, 28, 31, 35, 38, 40, 41, 51, 52, 54, 55, 63, 64, 66, 67, 69, 70, 72, 73, 75, 76, 86, 90, 91, 94, 95, 98, 102, 104, 106, 107, 108, 109, 113, 114, 116, 117, 118, 119, 122, 123, 125, 126, 127, 128, 129, 130, 131, 133, 137, 139, 141, 142, 144, 145, 147, 148, 149, 150, 153, 154, 156, 157, 159, 160, 161, 164, 165, 167, 168, 169, 170, 171, 173, 174, 186, 187, 190, 191, 192, 193, 195, 196, 198, 199, 200, 201, 202, 203, 204, 205, 206, 207, 208, 209, 210, 211, 212, 213, 214, 222, 223, 224, 225, 227, 229, 230, 240, 241, 244, 245, 247, 249, 250, 253, 254, 264, 267, 272, 273, 276, 279, 280, 281, 283, 298, 299], "summary": {"covered_lines": 144, "num_statements": 182, "percent_covered": 79.12087912087912, "percent_covered_display": "79", "missing_lines": 38, "excluded_lines": 0, "percent_statements_covered": 79.12087912087912, "percent_statements_covered_display": "79"}, "missing_lines": [87, 92, 99, 103, 105, 111, 120, 134, 135, 136, 138, 140, 151, 162, 215, 216, 217, 219, 220, 256, 257, 258, 259, 261, 268, 269, 291, 292, 293, 294, 295, 296, 309, 310, 313, 314, 317, 319], "excluded_lines": [], "functions": {"SSMLParser.is_ssml": {"executed_lines": [51, 52, 54, 55], "summary": {"covered_lines": 4, "num_statements": 4, "percent_covered": 100.0, "percent_covered_display": "100", "missing_lines": 0, "excluded_lines": 0, "percent_statements_covered": 100.0, "percent_statements_covered_display": "100"}, "missing_lines": [], "excluded_lines": [], "start_line": 41}, "SSMLParser._remove_xml_declaration": {"executed_lines": [66, 67], "summary": {"covered_lines": 2, "num_statements": 2, "percent_covered": 100.0, "percent_covered_display": "100", "missing_lines": 0, "excluded_lines": 0, "percent_statements_covered": 100.0, "percent_statements_covered_display": "100"}, "missing_lines": [], "excluded_lines": [], "start_line": 64}, "SSMLParser._remove_comments": {"executed_lines": [72, 73], "summary": {"covered_lines": 2, "num_statements": 2, "percent_covered": 100.0, "percent_covered_display": "100", "missing_lines": 0, "excluded_lines": 0, "percent_statements_covered": 100.0, "percent_statements_covered_display": "100"}, "missing_lines": [], "excluded_lines": [], "start_line": 70}, "SSMLParser._parse_time_to_chars": {"executed_lines": [86, 90, 91, 94, 95, 98, 102, 104, 106, 107, 108, 109], "summary": {"covered_lines": 12, "num_statements": 18, "percent_covered": 66.66666666666667, "percent_covered_display": "67", "missing_lines": 6, "excluded_lines": 0, "percent_statements_covered": 66.66666666666667, "percent_statements_covered_display": "67"}, "missing_lines": [87, 92, 99, 103, 105, 111], "excluded_lines": [], "start_line": 76}, "SSMLParser._process_break": {"executed_lines": [116, 117, 118, 119], "summary": {"covered_lines": 4, "num_statements": 5, "percent_covered": 80.0, "percent_covered_display": "80", "missing_lines": 1, "excluded_lines": 0, "percent_statements_covered": 80.0, "percent_statements_covered_display": "80"}, "missing_lines": [120], "excluded_lines": [], "start_line": 114}, "SSMLParser._process_prosody": {"executed_lines": [125, 126, 127, 128, 129, 130, 131, 133, 137, 139, 141, 142], "summary": {"covered_lines": 12, "num_statements": 17, "percent_covered": 70.58823529411765, "percent_covered_display": "71", "missing_lines": 5, "excluded_lines": 0, "percent_statements_covered": 70.58823529411765, "percent_statements_covered_display": "71"}, "missing_lines": [134, 135, 136, 138, 140], "excluded_lines": [], "start_line": 123}, "SSMLParser._process_emphasis": {"executed_lines": [147, 148, 149, 150, 153, 154], "summary": {"covered_lines": 6, "num_statements": 7, "percent_covered": 85.71428571428571, "percent_covered_display": "86", "missing_lines": 1, "excluded_lines": 0, "percent_statements_covered": 85.71428571428571, "percent_statements_covered_display": "86"}, "missing_lines": [151], "excluded_lines": [], "start_line": 145}, "SSMLParser._process_phoneme": {"executed_lines": [159, 160, 161], "summary": {"covered_lines": 3, "num_statements": 4, "percent_covered": 75.0, "percent_covered_display": "75", "missing_lines": 1, "excluded_lines": 0, "percent_statements_covered": 75.0, "percent_statements_covered_display": "75"}, "missing_lines": [162], "excluded_lines": [], "start_line": 157}, "SSMLParser._process_voice": {"executed_lines": [167, 168, 169, 170, 171], "summary": {"covered_lines": 5, "num_statements": 5, "percent_covered": 100.0, "percent_covered_display": "100", "missing_lines": 0, "excluded_lines": 0, "percent_statements_covered": 100.0, "percent_statements_covered_display": "100"}, "missing_lines": [], "excluded_lines": [], "start_line": 165}, "SSMLParser._process_element": {"executed_lines": [186, 187, 190, 191, 192, 193, 195, 196, 198, 199, 200, 201, 202, 203, 204, 205, 206, 207, 208, 209, 210, 211, 212, 213, 214, 222, 223, 224, 225, 227], "summary": {"covered_lines": 30, "num_statements": 35, "percent_covered": 85.71428571428571, "percent_covered_display": "86", "missing_lines": 5, "excluded_lines": 0, "percent_statements_covered": 85.71428571428571, "percent_statements_covered_display": "86"}, "missing_lines": [215, 216, 217, 219, 220], "excluded_lines": [], "start_line": 174}, "SSMLParser.parse": {"executed_lines": [240, 241, 244, 245, 247, 249, 250, 253, 254, 264, 267, 272, 273, 276, 279, 280, 281, 283], "summary": {"covered_lines": 18, "num_statements": 31, "percent_covered": 58.064516129032256, "percent_covered_display": "58", "missing_lines": 13, "excluded_lines": 0, "percent_statements_covered": 58.064516129032256, "percent_statements_covered_display": "58"}, "missing_lines": [256, 257, 258, 259, 261, 268, 269, 291, 292, 293, 294, 295, 296], "excluded_lines": [], "start_line": 230}, "SSMLParser.extract_plain_text": {"executed_lines": [], "summary": {"covered_lines": 0, "num_statements": 6, "percent_covered": 0.0, "percent_covered_display": "0", "missing_lines": 6, "excluded_lines": 0, "percent_statements_covered": 0.0, "percent_statements_covered_display": "0"}, "missing_lines": [309, 310, 313, 314, 317, 319], "excluded_lines": [], "start_line": 299}, "": {"executed_lines": [3, 4, 5, 6, 7, 9, 12, 13, 15, 16, 17, 18, 21, 22, 24, 25, 26, 27, 28, 31, 35, 38, 40, 41, 63, 64, 69, 70, 75, 76, 113, 114, 122, 123, 144, 145, 156, 157, 164, 165, 173, 174, 229, 230, 298, 299], "summary": {"covered_lines": 46, "num_statements": 46, "percent_covered": 100.0, "percent_covered_display": "100", "missing_lines": 0, "excluded_lines": 0, "percent_statements_covered": 100.0, "percent_statements_covered_display": "100"}, "missing_lines": [], "excluded_lines": [], "start_line": 1}}, "classes": {"SSMLSegment": {"executed_lines": [], "summary": {"covered_lines": 0, "num_statements": 0, "percent_covered": 100.0, "percent_covered_display": "100", "missing_lines": 0, "excluded_lines": 0, "percent_statements_covered": 100.0, "percent_statements_covered_display": "100"}, "missing_lines": [], "excluded_lines": [], "start_line": 13}, "ParsedSSML": {"executed_lines": [], "summary": {"covered_lines": 0, "num_statements": 0, "percent_covered": 100.0, "percent_covered_display": "100", "missing_lines": 0, "excluded_lines": 0, "percent_statements_covered": 100.0, "percent_statements_covered_display": "100"}, "missing_lines": [], "excluded_lines": [], "start_line": 22}, "SSMLParser": {"executed_lines": [51, 52, 54, 55, 66, 67, 72, 73, 86, 90, 91, 94, 95, 98, 102, 104, 106, 107, 108, 109, 116, 117, 118, 119, 125, 126, 127, 128, 129, 130, 131, 133, 137, 139, 141, 142, 147, 148, 149, 150, 153, 154, 159, 160, 161, 167, 168, 169, 170, 171, 186, 187, 190, 191, 192, 193, 195, 196, 198, 199, 200, 201, 202, 203, 204, 205, 206, 207, 208, 209, 210, 211, 212, 213, 214, 222, 223, 224, 225, 227, 240, 241, 244, 245, 247, 249, 250, 253, 254, 264, 267, 272, 273, 276, 279, 280, 281, 283], "summary": {"covered_lines": 98, "num_statements": 136, "percent_covered": 72.05882352941177, "percent_covered_display": "72", "missing_lines": 38, "excluded_lines": 0, "percent_statements_covered": 72.05882352941177, "percent_statements_covered_display": "72"}, "missing_lines": [87, 92, 99, 103, 105, 111, 120, 134, 135, 136, 138, 140, 151, 162, 215, 216, 217, 219, 220, 256, 257, 258, 259, 261, 268, 269, 291, 292, 293, 294, 295, 296, 309, 310, 313, 314, 317, 319], "excluded_lines": [], "start_line": 31}, "": {"executed_lines": [3, 4, 5, 6, 7, 9, 12, 13, 15, 16, 17, 18, 21, 22, 24, 25, 26, 27, 28, 31, 35, 38, 40, 41, 63, 64, 69, 70, 75, 76, 113, 114, 122, 123, 144, 145, 156, 157, 164, 165, 173, 174, 229, 230, 298, 299], "summary": {"covered_lines": 46, "num_statements": 46, "percent_covered": 100.0, "percent_covered_display": "100", "missing_lines": 0, "excluded_lines": 0, "percent_statements_covered": 100.0, "percent_statements_covered_display": "100"}, "missing_lines": [], "excluded_lines": [], "start_line": 1}}}, "src/engines/synthesis.py": {"executed_lines": [3, 4, 5, 6, 8, 10, 16, 17, 18, 20, 23, 34, 46, 47, 48, 49, 50, 51, 52, 54, 73, 74, 75, 77, 79, 81, 84, 92, 98, 100, 101, 103, 105, 106, 107, 108, 109, 110, 111, 112, 113, 114, 115, 116, 118, 135, 136, 139, 140, 141, 142, 144, 145, 146, 150, 151, 154, 155, 158, 159, 161, 162, 163, 164, 165, 166, 167, 170, 171, 172, 173, 176, 177, 179, 181, 202, 204, 205, 206, 207, 208, 209, 210, 211, 212, 214, 216, 226, 227, 231, 233, 257, 260, 262, 264, 265, 266, 267, 274, 277, 280, 282, 284, 285, 286, 289, 291, 310, 313, 314, 317, 320, 322, 323, 326, 327, 329, 331, 332, 333, 335, 336, 338, 339], "summary": {"covered_lines": 124, "num_statements": 125, "percent_covered": 99.2, "percent_covered_display": "99", "missing_lines": 1, "excluded_lines": 0, "percent_statements_covered": 99.2, "percent_statements_covered_display": "99"}, "missing_lines": [168], "excluded_lines": [], "functions": {"SynthesisEngine.__init__": {"executed_lines": [46, 47, 48, 49, 50, 51, 52], "summary": {"covered_lines": 7, "num_statements": 7, "percent_covered": 100.0, "percent_covered_display": "100", "missing_lines": 0, "excluded_lines": 0, "percent_statements_covered": 100.0, "percent_statements_covered_display": "100"}, "missing_lines": [], "excluded_lines": [], "start_line": 34}, "SynthesisEngine.synthesize": {"executed_lines": [73, 74, 75, 77, 79, 81, 84, 92, 98, 100, 101, 103, 105, 106, 107, 108, 109, 110, 111, 112, 113, 114, 115, 116], "summary": {"covered_lines": 24, "num_statements": 24, "percent_covered": 100.0, "percent_covered_display": "100", "missing_lines": 0, "excluded_lines": 0, "percent_statements_covered": 100.0, "percent_statements_covered_display": "100"}, "missing_lines": [], "excluded_lines": [], "start_line": 54}, "SynthesisEngine.synthesize_segments": {"executed_lines": [135, 136, 139, 140, 141, 142, 144, 145, 146, 150, 151, 154, 155, 158, 159, 161, 162, 163, 164, 165, 166, 167, 170, 171, 172, 173, 176, 177, 179], "summary": {"covered_lines": 29, "num_statements": 30, "percent_covered": 96.66666666666667, "percent_covered_display": "97", "missing_lines": 1, "excluded_lines": 0, "percent_statements_covered": 96.66666666666667, "percent_statements_covered_display": "97"}, "missing_lines": [168], "excluded_lines": [], "start_line": 118}, "SynthesisEngine._synthesize_segment_with_retry": {"executed_lines": [202, 204, 205, 206, 207, 208, 209, 210, 211, 212, 214], "summary": {"covered_lines": 11, "num_statements": 11, "percent_covered": 100.0, "percent_covered_display": "100", "missing_lines": 0, "excluded_lines": 0, "percent_statements_covered": 100.0, "percent_statements_covered_display": "100"}, "missing_lines": [], "excluded_lines": [], "start_line": 181}, "SynthesisEngine._concatenate_audio": {"executed_lines": [226, 227, 231], "summary": {"covered_lines": 3, "num_statements": 3, "percent_covered": 100.0, "percent_covered_display": "100", "missing_lines": 0, "excluded_lines": 0, "percent_statements_covered": 100.0, "percent_statements_covered_display": "100"}, "missing_lines": [], "excluded_lines": [], "start_line": 216}, "SynthesisEngine.synthesize_ssml": {"executed_lines": [257, 260, 262, 264, 265, 266, 267, 274, 277, 280, 282, 284, 285, 286, 289], "summary": {"covered_lines": 15, "num_statements": 15, "percent_covered": 100.0, "percent_covered_display": "100", "missing_lines": 0, "excluded_lines": 0, "percent_statements_covered": 100.0, "percent_statements_covered_display": "100"}, "missing_lines": [], "excluded_lines": [], "start_line": 233}, "SynthesisEngine.synthesize_text": {"executed_lines": [310, 313, 314, 317, 320, 322, 323, 326, 327], "summary": {"covered_lines": 9, "num_statements": 9, "percent_covered": 100.0, "percent_covered_display": "100", "missing_lines": 0, "excluded_lines": 0, "percent_statements_covered": 100.0, "percent_statements_covered_display": "100"}, "missing_lines": [], "excluded_lines": [], "start_line": 291}, "SynthesisEngine.close": {"executed_lines": [331, 332, 333], "summary": {"covered_lines": 3, "num_statements": 3, "percent_covered": 100.0, "percent_covered_display": "100", "missing_lines": 0, "excluded_lines": 0, "percent_statements_covered": 100.0, "percent_statements_covered_display": "100"}, "missing_lines": [], "excluded_lines": [], "start_line": 329}, "SynthesisEngine.__aenter__": {"executed_lines": [336], "summary": {"covered_lines": 1, "num_statements": 1, "percent_covered": 100.0, "percent_covered_display": "100", "missing_lines": 0, "excluded_lines": 0, "percent_statements_covered": 100.0, "percent_statements_covered_display": "100"}, "missing_lines": [], "excluded_lines": [], "start_line": 335}, "SynthesisEngine.__aexit__": {"executed_lines": [339], "summary": {"covered_lines": 1, "num_statements": 1, "percent_covered": 100.0, "percent_covered_display": "100", "missing_lines": 0, "excluded_lines": 0, "percent_statements_covered": 100.0, "percent_statements_covered_display": "100"}, "missing_lines": [], "excluded_lines": [], "start_line": 338}, "": {"executed_lines": [3, 4, 5, 6, 8, 10, 16, 17, 18, 20, 23, 34, 54, 118, 181, 216, 233, 291, 329, 335, 338], "summary": {"covered_lines": 21, "num_statements": 21, "percent_covered": 100.0, "percent_covered_display": "100", "missing_lines": 0, "excluded_lines": 0, "percent_statements_covered": 100.0, "percent_statements_covered_display": "100"}, "missing_lines": [], "excluded_lines": [], "start_line": 1}}, "classes": {"SynthesisEngine": {"executed_lines": [46, 47, 48, 49, 50, 51, 52, 73, 74, 75, 77, 79, 81, 84, 92, 98, 100, 101, 103, 105, 106, 107, 108, 109, 110, 111, 112, 113, 114, 115, 116, 135, 136, 139, 140, 141, 142, 144, 145, 146, 150, 151, 154, 155, 158, 159, 161, 162, 163, 164, 165, 166, 167, 170, 171, 172, 173, 176, 177, 179, 202, 204, 205, 206, 207, 208, 209, 210, 211, 212, 214, 226, 227, 231, 257, 260, 262, 264, 265, 266, 267, 274, 277, 280, 282, 284, 285, 286, 289, 310, 313, 314, 317, 320, 322, 323, 326, 327, 331, 332, 333, 336, 339], "summary": {"covered_lines": 103, "num_statements": 104, "percent_covered": 99.03846153846153, "percent_covered_display": "99", "missing_lines": 1, "excluded_lines": 0, "percent_statements_covered": 99.03846153846153, "percent_statements_covered_display": "99"}, "missing_lines": [168], "excluded_lines": [], "start_line": 23}, "": {"executed_lines": [3, 4, 5, 6, 8, 10, 16, 17, 18, 20, 23, 34, 54, 118, 181, 216, 233, 291, 329, 335, 338], "summary": {"covered_lines": 21, "num_statements": 21, "percent_covered": 100.0, "percent_covered_display": "100", "missing_lines": 0, "excluded_lines": 0, "percent_statements_covered": 100.0, "percent_statements_covered_display": "100"}, "missing_lines": [], "excluded_lines": [], "start_line": 1}}}, "src/engines/taiwan_linguistic.py": {"executed_lines": [3, 4, 5, 7, 10, 91, 99, 102, 105, 106, 121, 122, 124, 127, 130, 133, 135, 136, 138, 139, 141, 142, 144, 145, 146, 148, 149, 156, 160, 170, 171, 172, 174, 176, 177, 192, 196, 199, 201, 203, 204, 226, 227, 242, 243, 265, 266, 277, 280, 283, 285], "summary": {"covered_lines": 51, "num_statements": 65, "percent_covered": 78.46153846153847, "percent_covered_display": "78", "missing_lines": 14, "excluded_lines": 0, "percent_statements_covered": 78.46153846153847, "percent_statements_covered_display": "78"}, "missing_lines": [193, 215, 218, 221, 222, 224, 240, 253, 254, 256, 257, 260, 261, 263], "excluded_lines": [], "functions": {"TaiwanLinguisticEngine.apply_taiwan_accent": {"executed_lines": [121, 122, 124, 127, 130, 133, 135, 136], "summary": {"covered_lines": 8, "num_statements": 8, "percent_covered": 100.0, "percent_covered_display": "100", "missing_lines": 0, "excluded_lines": 0, "percent_statements_covered": 100.0, "percent_statements_covered_display": "100"}, "missing_lines": [], "excluded_lines": [], "start_line": 106}, "TaiwanLinguisticEngine._apply_lexicon": {"executed_lines": [141, 142, 144, 145, 146], "summary": {"covered_lines": 5, "num_statements": 5, "percent_covered": 100.0, "percent_covered_display": "100", "missing_lines": 0, "excluded_lines": 0, "percent_statements_covered": 100.0, "percent_statements_covered_display": "100"}, "missing_lines": [], "excluded_lines": [], "start_line": 139}, "TaiwanLinguisticEngine._apply_tone_sandhi": {"executed_lines": [156, 160, 170, 171, 172, 174], "summary": {"covered_lines": 6, "num_statements": 6, "percent_covered": 100.0, "percent_covered_display": "100", "missing_lines": 0, "excluded_lines": 0, "percent_statements_covered": 100.0, "percent_statements_covered_display": "100"}, "missing_lines": [], "excluded_lines": [], "start_line": 149}, "TaiwanLinguisticEngine.add_english_spaces": {"executed_lines": [192, 196, 199, 201], "summary": {"covered_lines": 4, "num_statements": 5, "percent_covered": 80.0, "percent_covered_display": "80", "missing_lines": 1, "excluded_lines": 0, "percent_statements_covered": 80.0, "percent_statements_covered_display": "80"}, "missing_lines": [193], "excluded_lines": [], "start_line": 177}, "TaiwanLinguisticEngine.normalize_numbers": {"executed_lines": [], "summary": {"covered_lines": 0, "num_statements": 5, "percent_covered": 0.0, "percent_covered_display": "0", "missing_lines": 5, "excluded_lines": 0, "percent_statements_covered": 0.0, "percent_statements_covered_display": "0"}, "missing_lines": [215, 218, 221, 222, 224], "excluded_lines": [], "start_line": 204}, "TaiwanLinguisticEngine.add_prosody_markers": {"executed_lines": [], "summary": {"covered_lines": 0, "num_statements": 1, "percent_covered": 0.0, "percent_covered_display": "0", "missing_lines": 1, "excluded_lines": 0, "percent_statements_covered": 0.0, "percent_statements_covered_display": "0"}, "missing_lines": [240], "excluded_lines": [], "start_line": 227}, "TaiwanLinguisticEngine.validate_text": {"executed_lines": [], "summary": {"covered_lines": 0, "num_statements": 7, "percent_covered": 0.0, "percent_covered_display": "0", "missing_lines": 7, "excluded_lines": 0, "percent_statements_covered": 0.0, "percent_statements_covered_display": "0"}, "missing_lines": [253, 254, 256, 257, 260, 261, 263], "excluded_lines": [], "start_line": 243}, "TaiwanLinguisticEngine.preprocess_for_tts": {"executed_lines": [277, 280, 283, 285], "summary": {"covered_lines": 4, "num_statements": 4, "percent_covered": 100.0, "percent_covered_display": "100", "missing_lines": 0, "excluded_lines": 0, "percent_statements_covered": 100.0, "percent_statements_covered_display": "100"}, "missing_lines": [], "excluded_lines": [], "start_line": 266}, "": {"executed_lines": [3, 4, 5, 7, 10, 91, 99, 102, 105, 106, 138, 139, 148, 149, 176, 177, 203, 204, 226, 227, 242, 243, 265, 266], "summary": {"covered_lines": 24, "num_statements": 24, "percent_covered": 100.0, "percent_covered_display": "100", "missing_lines": 0, "excluded_lines": 0, "percent_statements_covered": 100.0, "percent_statements_covered_display": "100"}, "missing_lines": [], "excluded_lines": [], "start_line": 1}}, "classes": {"TaiwanLinguisticEngine": {"executed_lines": [121, 122, 124, 127, 130, 133, 135, 136, 141, 142, 144, 145, 146, 156, 160, 170, 171, 172, 174, 192, 196, 199, 201, 277, 280, 283, 285], "summary": {"covered_lines": 27, "num_statements": 41, "percent_covered": 65.85365853658537, "percent_covered_display": "66", "missing_lines": 14, "excluded_lines": 0, "percent_statements_covered": 65.85365853658537, "percent_statements_covered_display": "66"}, "missing_lines": [193, 215, 218, 221, 222, 224, 240, 253, 254, 256, 257, 260, 261, 263], "excluded_lines": [], "start_line": 102}, "": {"executed_lines": [3, 4, 5, 7, 10, 91, 99, 102, 105, 106, 138, 139, 148, 149, 176, 177, 203, 204, 226, 227, 242, 243, 265, 266], "summary": {"covered_lines": 24, "num_statements": 24, "percent_covered": 100.0, "percent_covered_display": "100", "missing_lines": 0, "excluded_lines": 0, "percent_statements_covered": 100.0, "percent_statements_covered_display": "100"}, "missing_lines": [], "excluded_lines": [], "start_line": 1}}}, "src/engines/text_splitter.py": {"executed_lines": [3, 4, 5, 6, 8, 11, 12, 19, 29, 32, 35, 37, 45, 46, 48, 59, 60, 62, 65, 66, 69, 72, 73, 74, 75, 78, 79, 81, 83, 94, 97, 100, 102, 103, 104, 105, 108, 109, 112, 114, 116, 118, 119, 121, 122, 124, 125, 126, 128, 130, 131, 132, 135, 136, 137, 139, 140, 142, 144, 156, 158, 161, 163, 198, 210, 212, 217, 218, 220, 221, 223, 224, 225, 227, 229, 236, 237, 240, 241, 242, 245, 247, 249, 261, 264, 268, 270, 271, 275, 276, 278, 279, 282, 284, 286, 287, 288, 289, 293, 296, 298, 319, 320], "summary": {"covered_lines": 103, "num_statements": 141, "percent_covered": 73.04964539007092, "percent_covered_display": "73", "missing_lines": 38, "excluded_lines": 0, "percent_statements_covered": 73.04964539007092, "percent_statements_covered_display": "73"}, "missing_lines": [166, 167, 169, 170, 172, 173, 174, 176, 178, 180, 181, 182, 183, 185, 186, 189, 190, 191, 192, 194, 196, 214, 231, 232, 233, 234, 243, 262, 272, 280, 283, 291, 294, 308, 310, 311, 313, 331], "excluded_lines": [], "functions": {"TextSplitter.__init__": {"executed_lines": [45, 46], "summary": {"covered_lines": 2, "num_statements": 2, "percent_covered": 100.0, "percent_covered_display": "100", "missing_lines": 0, "excluded_lines": 0, "percent_statements_covered": 100.0, "percent_statements_covered_display": "100"}, "missing_lines": [], "excluded_lines": [], "start_line": 37}, "TextSplitter.split": {"executed_lines": [59, 60, 62, 65, 66, 69, 72, 73, 74, 75, 78, 79, 81], "summary": {"covered_lines": 13, "num_statements": 13, "percent_covered": 100.0, "percent_covered_display": "100", "missing_lines": 0, "excluded_lines": 0, "percent_statements_covered": 100.0, "percent_statements_covered_display": "100"}, "missing_lines": [], "excluded_lines": [], "start_line": 48}, "TextSplitter.split_semantic": {"executed_lines": [94, 97, 100, 102, 103, 104, 105, 108, 109, 112, 114], "summary": {"covered_lines": 11, "num_statements": 11, "percent_covered": 100.0, "percent_covered_display": "100", "missing_lines": 0, "excluded_lines": 0, "percent_statements_covered": 100.0, "percent_statements_covered_display": "100"}, "missing_lines": [], "excluded_lines": [], "start_line": 83}, "TextSplitter._split_by_sentence": {"executed_lines": [118, 119, 121, 122, 124, 125, 126, 128, 130, 131, 132, 135, 136, 137, 139, 140, 142], "summary": {"covered_lines": 17, "num_statements": 17, "percent_covered": 100.0, "percent_covered_display": "100", "missing_lines": 0, "excluded_lines": 0, "percent_statements_covered": 100.0, "percent_statements_covered_display": "100"}, "missing_lines": [], "excluded_lines": [], "start_line": 116}, "TextSplitter._split_level2": {"executed_lines": [156, 158, 161, 163], "summary": {"covered_lines": 4, "num_statements": 25, "percent_covered": 16.0, "percent_covered_display": "16", "missing_lines": 21, "excluded_lines": 0, "percent_statements_covered": 16.0, "percent_statements_covered_display": "16"}, "missing_lines": [166, 167, 169, 170, 172, 173, 174, 176, 178, 180, 181, 182, 183, 185, 186, 189, 190, 191, 192, 194, 196], "excluded_lines": [], "start_line": 144}, "TextSplitter._split_level3": {"executed_lines": [210, 212, 217, 218, 220, 221, 223, 224, 225, 227, 229, 236, 237, 240, 241, 242, 245, 247], "summary": {"covered_lines": 18, "num_statements": 24, "percent_covered": 75.0, "percent_covered_display": "75", "missing_lines": 6, "excluded_lines": 0, "percent_statements_covered": 75.0, "percent_statements_covered_display": "75"}, "missing_lines": [214, 231, 232, 233, 234, 243], "excluded_lines": [], "start_line": 198}, "TextSplitter._emergency_split": {"executed_lines": [261, 264, 268, 270, 271, 275, 276, 278, 279, 282, 284, 286, 287, 288, 289, 293, 296], "summary": {"covered_lines": 17, "num_statements": 23, "percent_covered": 73.91304347826087, "percent_covered_display": "74", "missing_lines": 6, "excluded_lines": 0, "percent_statements_covered": 73.91304347826087, "percent_statements_covered_display": "74"}, "missing_lines": [262, 272, 280, 283, 291, 294], "excluded_lines": [], "start_line": 249}, "TextSplitter.split_with_metadata": {"executed_lines": [], "summary": {"covered_lines": 0, "num_statements": 4, "percent_covered": 0.0, "percent_covered_display": "0", "missing_lines": 4, "excluded_lines": 0, "percent_statements_covered": 0.0, "percent_statements_covered_display": "0"}, "missing_lines": [308, 310, 311, 313], "excluded_lines": [], "start_line": 298}, "TextSplitter.should_split": {"executed_lines": [], "summary": {"covered_lines": 0, "num_statements": 1, "percent_covered": 0.0, "percent_covered_display": "0", "missing_lines": 1, "excluded_lines": 0, "percent_statements_covered": 0.0, "percent_statements_covered_display": "0"}, "missing_lines": [331], "excluded_lines": [], "start_line": 320}, "": {"executed_lines": [3, 4, 5, 6, 8, 11, 12, 19, 29, 32, 35, 37, 48, 83, 116, 144, 198, 249, 298, 319, 320], "summary": {"covered_lines": 21, "num_statements": 21, "percent_covered": 100.0, "percent_covered_display": "100", "missing_lines": 0, "excluded_lines": 0, "percent_statements_covered": 100.0, "percent_statements_covered_display": "100"}, "missing_lines": [], "excluded_lines": [], "start_line": 1}}, "classes": {"SplitResult": {"executed_lines": [], "summary": {"covered_lines": 0, "num_statements": 0, "percent_covered": 100.0, "percent_covered_display": "100", "missing_lines": 0, "excluded_lines": 0, "percent_statements_covered": 100.0, "percent_statements_covered_display": "100"}, "missing_lines": [], "excluded_lines": [], "start_line": 12}, "TextSplitter": {"executed_lines": [45, 46, 59, 60, 62, 65, 66, 69, 72, 73, 74, 75, 78, 79, 81, 94, 97, 100, 102, 103, 104, 105, 108, 109, 112, 114, 118, 119, 121, 122, 124, 125, 126, 128, 130, 131, 132, 135, 136, 137, 139, 140, 142, 156, 158, 161, 163, 210, 212, 217, 218, 220, 221, 223, 224, 225, 227, 229, 236, 237, 240, 241, 242, 245, 247, 261, 264, 268, 270, 271, 275, 276, 278, 279, 282, 284, 286, 287, 288, 289, 293, 296], "summary": {"covered_lines": 82, "num_statements": 120, "percent_covered": 68.33333333333333, "percent_covered_display": "68", "missing_lines": 38, "excluded_lines": 0, "percent_statements_covered": 68.33333333333333, "percent_statements_covered_display": "68"}, "missing_lines": [166, 167, 169, 170, 172, 173, 174, 176, 178, 180, 181, 182, 183, 185, 186, 189, 190, 191, 192, 194, 196, 214, 231, 232, 233, 234, 243, 262, 272, 280, 283, 291, 294, 308, 310, 311, 313, 331], "excluded_lines": [], "start_line": 19}, "": {"executed_lines": [3, 4, 5, 6, 8, 11, 12, 19, 29, 32, 35, 37, 48, 83, 116, 144, 198, 249, 298, 319, 320], "summary": {"covered_lines": 21, "num_statements": 21, "percent_covered": 100.0, "percent_covered_display": "100", "missing_lines": 0, "excluded_lines": 0, "percent_statements_covered": 100.0, "percent_statements_covered_display": "100"}, "missing_lines": [], "excluded_lines": [], "start_line": 1}}}, "src/main.py": {"executed_lines": [3, 4, 6, 7, 8, 10, 18, 19, 22, 26, 29, 32, 74, 75, 110, 121, 131, 132, 134, 136, 138, 139, 143, 144, 154, 157, 158, 160, 168, 169, 177, 179, 180, 181, 182, 185, 190, 197, 198, 205, 208], "summary": {"covered_lines": 41, "num_statements": 78, "percent_covered": 52.56410256410256, "percent_covered_display": "53", "missing_lines": 37, "excluded_lines": 0, "percent_statements_covered": 52.56410256410256, "percent_statements_covered_display": "53"}, "missing_lines": [39, 40, 41, 43, 45, 46, 48, 50, 57, 62, 64, 67, 69, 70, 71, 84, 85, 86, 87, 90, 93, 94, 95, 96, 98, 100, 103, 104, 105, 106, 146, 147, 186, 187, 188, 209, 211], "excluded_lines": [], "functions": {"warmup_backend": {"executed_lines": [], "summary": {"covered_lines": 0, "num_statements": 15, "percent_covered": 0.0, "percent_covered_display": "0", "missing_lines": 15, "excluded_lines": 0, "percent_statements_covered": 0.0, "percent_statements_covered_display": "0"}, "missing_lines": [39, 40, 41, 43, 45, 46, 48, 50, 57, 62, 64, 67, 69, 70, 71], "excluded_lines": [], "start_line": 32}, "lifespan": {"executed_lines": [], "summary": {"covered_lines": 0, "num_statements": 15, "percent_covered": 0.0, "percent_covered_display": "0", "missing_lines": 15, "excluded_lines": 0, "percent_statements_covered": 0.0, "percent_statements_covered_display": "0"}, "missing_lines": [84, 85, 86, 87, 90, 93, 94, 95, 96, 98, 100, 103, 104, 105, 106], "excluded_lines": [], "start_line": 75}, "log_requests": {"executed_lines": [134, 136, 138, 139], "summary": {"covered_lines": 4, "num_statements": 4, "percent_covered": 100.0, "percent_covered_display": "100", "missing_lines": 0, "excluded_lines": 0, "percent_statements_covered": 100.0, "percent_statements_covered_display": "100"}, "missing_lines": [], "excluded_lines": [], "start_line": 132}, "global_exception_handler": {"executed_lines": [], "summary": {"covered_lines": 0, "num_statements": 2, "percent_covered": 0.0, "percent_covered_display": "0", "missing_lines": 2, "excluded_lines": 0, "percent_statements_covered": 0.0, "percent_statements_covered_display": "0"}, "missing_lines": [146, 147], "excluded_lines": [], "start_line": 144}, "root": {"executed_lines": [160], "summary": {"covered_lines": 1, "num_statements": 1, "percent_covered": 100.0, "percent_covered_display": "100", "missing_lines": 0, "excluded_lines": 0, "percent_statements_covered": 100.0, "percent_statements_covered_display": "100"}, "missing_lines": [], "excluded_lines": [], "start_line": 158}, "health_check": {"executed_lines": [177, 179, 180, 181, 182, 185, 190], "summary": {"covered_lines": 7, "num_statements": 10, "percent_covered": 70.0, "percent_covered_display": "70", "missing_lines": 3, "excluded_lines": 0, "percent_statements_covered": 70.0, "percent_statements_covered_display": "70"}, "missing_lines": [186, 187, 188], "excluded_lines": [], "start_line": 169}, "readiness_check": {"executed_lines": [205], "summary": {"covered_lines": 1, "num_statements": 1, "percent_covered": 100.0, "percent_covered_display": "100", "missing_lines": 0, "excluded_lines": 0, "percent_statements_covered": 100.0, "percent_statements_covered_display": "100"}, "missing_lines": [], "excluded_lines": [], "start_line": 198}, "": {"executed_lines": [3, 4, 6, 7, 8, 10, 18, 19, 22, 26, 29, 32, 74, 75, 110, 121, 131, 132, 143, 144, 154, 157, 158, 168, 169, 197, 198, 208], "summary": {"covered_lines": 28, "num_statements": 30, "percent_covered": 93.33333333333333, "percent_covered_display": "93", "missing_lines": 2, "excluded_lines": 0, "percent_statements_covered": 93.33333333333333, "percent_statements_covered_display": "93"}, "missing_lines": [209, 211], "excluded_lines": [], "start_line": 1}}, "classes": {"": {"executed_lines": [3, 4, 6, 7, 8, 10, 18, 19, 22, 26, 29, 32, 74, 75, 110, 121, 131, 132, 134, 136, 138, 139, 143, 144, 154, 157, 158, 160, 168, 169, 177, 179, 180, 181, 182, 185, 190, 197, 198, 205, 208], "summary": {"covered_lines": 41, "num_statements": 78, "percent_covered": 52.56410256410256, "percent_covered_display": "53", "missing_lines": 37, "excluded_lines": 0, "percent_statements_covered": 52.56410256410256, "percent_statements_covered_display": "53"}, "missing_lines": [39, 40, 41, 43, 45, 46, 48, 50, 57, 62, 64, 67, 69, 70, 71, 84, 85, 86, 87, 90, 93, 94, 95, 96, 98, 100, 103, 104, 105, 106, 146, 147, 186, 187, 188, 209, 211], "excluded_lines": [], "start_line": 1}}}, "src/middleware/__init__.py": {"executed_lines": [], "summary": {"covered_lines": 0, "num_statements": 0, "percent_covered": 100.0, "percent_covered_display": "100", "missing_lines": 0, "excluded_lines": 0, "percent_statements_covered": 100.0, "percent_statements_covered_display": "100"}, "missing_lines": [], "excluded_lines": [], "functions": {"": {"executed_lines": [], "summary": {"covered_lines": 0, "num_statements": 0, "percent_covered": 100.0, "percent_covered_display": "100", "missing_lines": 0, "excluded_lines": 0, "percent_statements_covered": 100.0, "percent_statements_covered_display": "100"}, "missing_lines": [], "excluded_lines": [], "start_line": 1}}, "classes": {"": {"executed_lines": [], "summary": {"covered_lines": 0, "num_statements": 0, "percent_covered": 100.0, "percent_covered_display": "100", "missing_lines": 0, "excluded_lines": 0, "percent_statements_covered": 100.0, "percent_statements_covered_display": "100"}, "missing_lines": [], "excluded_lines": [], "start_line": 1}}}, "src/middleware/circuit_breaker.py": {"executed_lines": [3, 4, 5, 6, 7, 8, 10, 12, 15, 17, 18, 19, 22, 23, 25, 26, 27, 30, 32, 37, 53, 67, 68, 69, 71, 72, 73, 74, 77, 78, 80, 113, 144, 153, 159, 173, 188, 190, 191, 192, 193, 194, 195, 197, 201, 203, 213], "summary": {"covered_lines": 47, "num_statements": 112, "percent_covered": 41.964285714285715, "percent_covered_display": "42", "missing_lines": 65, "excluded_lines": 0, "percent_statements_covered": 41.964285714285715, "percent_statements_covered_display": "42"}, "missing_lines": [33, 34, 97, 99, 100, 105, 106, 107, 108, 109, 110, 111, 129, 131, 132, 136, 137, 138, 139, 140, 141, 142, 146, 147, 148, 149, 150, 151, 155, 156, 157, 161, 163, 164, 165, 166, 167, 168, 169, 171, 175, 176, 178, 179, 180, 181, 182, 183, 186, 199, 229, 231, 232, 233, 234, 236, 237, 238, 241, 242, 244, 245, 246, 248, 249], "excluded_lines": [], "functions": {"CircuitBreakerOpen.__init__": {"executed_lines": [], "summary": {"covered_lines": 0, "num_statements": 2, "percent_covered": 0.0, "percent_covered_display": "0", "missing_lines": 2, "excluded_lines": 0, "percent_statements_covered": 0.0, "percent_statements_covered_display": "0"}, "missing_lines": [33, 34], "excluded_lines": [], "start_line": 32}, "CircuitBreaker.__init__": {"executed_lines": [67, 68, 69, 71, 72, 73, 74, 77, 78], "summary": {"covered_lines": 9, "num_statements": 9, "percent_covered": 100.0, "percent_covered_display": "100", "missing_lines": 0, "excluded_lines": 0, "percent_statements_covered": 100.0, "percent_statements_covered_display": "100"}, "missing_lines": [], "excluded_lines": [], "start_line": 53}, "CircuitBreaker.call": {"executed_lines": [], "summary": {"covered_lines": 0, "num_statements": 10, "percent_covered": 0.0, "percent_covered_display": "0", "missing_lines": 10, "excluded_lines": 0, "percent_statements_covered": 0.0, "percent_statements_covered_display": "0"}, "missing_lines": [97, 99, 100, 105, 106, 107, 108, 109, 110, 111], "excluded_lines": [], "start_line": 80}, "CircuitBreaker.call_async": {"executed_lines": [], "summary": {"covered_lines": 0, "num_statements": 10, "percent_covered": 0.0, "percent_covered_display": "0", "missing_lines": 10, "excluded_lines": 0, "percent_statements_covered": 0.0, "percent_statements_covered_display": "0"}, "missing_lines": [129, 131, 132, 136, 137, 138, 139, 140, 141, 142], "excluded_lines": [], "start_line": 113}, "CircuitBreaker._check_and_transition": {"executed_lines": [], "summary": {"covered_lines": 0, "num_statements": 6, "percent_covered": 0.0, "percent_covered_display": "0", "missing_lines": 6, "excluded_lines": 0, "percent_statements_covered": 0.0, "percent_statements_covered_display": "0"}, "missing_lines": [146, 147, 148, 149, 150, 151], "excluded_lines": [], "start_line": 144}, "CircuitBreaker._should_attempt_reset": {"executed_lines": [], "summary": {"covered_lines": 0, "num_statements": 3, "percent_covered": 0.0, "percent_covered_display": "0", "missing_lines": 3, "excluded_lines": 0, "percent_statements_covered": 0.0, "percent_statements_covered_display": "0"}, "missing_lines": [155, 156, 157], "excluded_lines": [], "start_line": 153}, "CircuitBreaker._on_success": {"executed_lines": [], "summary": {"covered_lines": 0, "num_statements": 9, "percent_covered": 0.0, "percent_covered_display": "0", "missing_lines": 9, "excluded_lines": 0, "percent_statements_covered": 0.0, "percent_statements_covered_display": "0"}, "missing_lines": [161, 163, 164, 165, 166, 167, 168, 169, 171], "excluded_lines": [], "start_line": 159}, "CircuitBreaker._on_failure": {"executed_lines": [], "summary": {"covered_lines": 0, "num_statements": 9, "percent_covered": 0.0, "percent_covered_display": "0", "missing_lines": 9, "excluded_lines": 0, "percent_statements_covered": 0.0, "percent_statements_covered_display": "0"}, "missing_lines": [175, 176, 178, 179, 180, 181, 182, 183, 186], "excluded_lines": [], "start_line": 173}, "CircuitBreaker.reset": {"executed_lines": [190, 191, 192, 193, 194, 195], "summary": {"covered_lines": 6, "num_statements": 6, "percent_covered": 100.0, "percent_covered_display": "100", "missing_lines": 0, "excluded_lines": 0, "percent_statements_covered": 100.0, "percent_statements_covered_display": "100"}, "missing_lines": [], "excluded_lines": [], "start_line": 188}, "CircuitBreaker.get_state": {"executed_lines": [], "summary": {"covered_lines": 0, "num_statements": 1, "percent_covered": 0.0, "percent_covered_display": "0", "missing_lines": 1, "excluded_lines": 0, "percent_statements_covered": 0.0, "percent_statements_covered_display": "0"}, "missing_lines": [199], "excluded_lines": [], "start_line": 197}, "CircuitBreaker.get_stats": {"executed_lines": [203], "summary": {"covered_lines": 1, "num_statements": 1, "percent_covered": 100.0, "percent_covered_display": "100", "missing_lines": 0, "excluded_lines": 0, "percent_statements_covered": 100.0, "percent_statements_covered_display": "100"}, "missing_lines": [], "excluded_lines": [], "start_line": 201}, "circuit_breaker_decorator": {"executed_lines": [], "summary": {"covered_lines": 0, "num_statements": 5, "percent_covered": 0.0, "percent_covered_display": "0", "missing_lines": 5, "excluded_lines": 0, "percent_statements_covered": 0.0, "percent_statements_covered_display": "0"}, "missing_lines": [229, 231, 232, 248, 249], "excluded_lines": [], "start_line": 213}, "circuit_breaker_decorator.decorator": {"executed_lines": [], "summary": {"covered_lines": 0, "num_statements": 8, "percent_covered": 0.0, "percent_covered_display": "0", "missing_lines": 8, "excluded_lines": 0, "percent_statements_covered": 0.0, "percent_statements_covered_display": "0"}, "missing_lines": [233, 236, 237, 241, 242, 244, 245, 246], "excluded_lines": [], "start_line": 231}, "circuit_breaker_decorator.decorator.wrapper": {"executed_lines": [], "summary": {"covered_lines": 0, "num_statements": 1, "percent_covered": 0.0, "percent_covered_display": "0", "missing_lines": 1, "excluded_lines": 0, "percent_statements_covered": 0.0, "percent_statements_covered_display": "0"}, "missing_lines": [234], "excluded_lines": [], "start_line": 233}, "circuit_breaker_decorator.decorator.async_wrapper": {"executed_lines": [], "summary": {"covered_lines": 0, "num_statements": 1, "percent_covered": 0.0, "percent_covered_display": "0", "missing_lines": 1, "excluded_lines": 0, "percent_statements_covered": 0.0, "percent_statements_covered_display": "0"}, "missing_lines": [238], "excluded_lines": [], "start_line": 237}, "": {"executed_lines": [3, 4, 5, 6, 7, 8, 10, 12, 15, 17, 18, 19, 22, 23, 25, 26, 27, 30, 32, 37, 53, 80, 113, 144, 153, 159, 173, 188, 197, 201, 213], "summary": {"covered_lines": 31, "num_statements": 31, "percent_covered": 100.0, "percent_covered_display": "100", "missing_lines": 0, "excluded_lines": 0, "percent_statements_covered": 100.0, "percent_statements_covered_display": "100"}, "missing_lines": [], "excluded_lines": [], "start_line": 1}}, "classes": {"CircuitState": {"executed_lines": [], "summary": {"covered_lines": 0, "num_statements": 0, "percent_covered": 100.0, "percent_covered_display": "100", "missing_lines": 0, "excluded_lines": 0, "percent_statements_covered": 100.0, "percent_statements_covered_display": "100"}, "missing_lines": [], "excluded_lines": [], "start_line": 15}, "CircuitBreakerConfig": {"executed_lines": [], "summary": {"covered_lines": 0, "num_statements": 0, "percent_covered": 100.0, "percent_covered_display": "100", "missing_lines": 0, "excluded_lines": 0, "percent_statements_covered": 100.0, "percent_statements_covered_display": "100"}, "missing_lines": [], "excluded_lines": [], "start_line": 23}, "CircuitBreakerOpen": {"executed_lines": [], "summary": {"covered_lines": 0, "num_statements": 2, "percent_covered": 0.0, "percent_covered_display": "0", "missing_lines": 2, "excluded_lines": 0, "percent_statements_covered": 0.0, "percent_statements_covered_display": "0"}, "missing_lines": [33, 34], "excluded_lines": [], "start_line": 30}, "CircuitBreaker": {"executed_lines": [67, 68, 69, 71, 72, 73, 74, 77, 78, 190, 191, 192, 193, 194, 195, 203], "summary": {"covered_lines": 16, "num_statements": 64, "percent_covered": 25.0, "percent_covered_display": "25", "missing_lines": 48, "excluded_lines": 0, "percent_statements_covered": 25.0, "percent_statements_covered_display": "25"}, "missing_lines": [97, 99, 100, 105, 106, 107, 108, 109, 110, 111, 129, 131, 132, 136, 137, 138, 139, 140, 141, 142, 146, 147, 148, 149, 150, 151, 155, 156, 157, 161, 163, 164, 165, 166, 167, 168, 169, 171, 175, 176, 178, 179, 180, 181, 182, 183, 186, 199], "excluded_lines": [], "start_line": 37}, "": {"executed_lines": [3, 4, 5, 6, 7, 8, 10, 12, 15, 17, 18, 19, 22, 23, 25, 26, 27, 30, 32, 37, 53, 80, 113, 144, 153, 159, 173, 188, 197, 201, 213], "summary": {"covered_lines": 31, "num_statements": 46, "percent_covered": 67.3913043478261, "percent_covered_display": "67", "missing_lines": 15, "excluded_lines": 0, "percent_statements_covered": 67.3913043478261, "percent_statements_covered_display": "67"}, "missing_lines": [229, 231, 232, 233, 234, 236, 237, 238, 241, 242, 244, 245, 246, 248, 249], "excluded_lines": [], "start_line": 1}}}, "src/models.py": {"executed_lines": [3, 4, 7, 9, 10, 11, 12, 13, 16, 18, 19], "summary": {"covered_lines": 11, "num_statements": 11, "percent_covered": 100.0, "percent_covered_display": "100", "missing_lines": 0, "excluded_lines": 0, "percent_statements_covered": 100.0, "percent_statements_covered_display": "100"}, "missing_lines": [], "excluded_lines": [], "functions": {"": {"executed_lines": [3, 4, 7, 9, 10, 11, 12, 13, 16, 18, 19], "summary": {"covered_lines": 11, "num_statements": 11, "percent_covered": 100.0, "percent_covered_display": "100", "missing_lines": 0, "excluded_lines": 0, "percent_statements_covered": 100.0, "percent_statements_covered_display": "100"}, "missing_lines": [], "excluded_lines": [], "start_line": 1}}, "classes": {"SpeechRequest": {"executed_lines": [], "summary": {"covered_lines": 0, "num_statements": 0, "percent_covered": 100.0, "percent_covered_display": "100", "missing_lines": 0, "excluded_lines": 0, "percent_statements_covered": 100.0, "percent_statements_covered_display": "100"}, "missing_lines": [], "excluded_lines": [], "start_line": 7}, "SpeechResponse": {"executed_lines": [], "summary": {"covered_lines": 0, "num_statements": 0, "percent_covered": 100.0, "percent_covered_display": "100", "missing_lines": 0, "excluded_lines": 0, "percent_statements_covered": 100.0, "percent_statements_covered_display": "100"}, "missing_lines": [], "excluded_lines": [], "start_line": 16}, "": {"executed_lines": [3, 4, 7, 9, 10, 11, 12, 13, 16, 18, 19], "summary": {"covered_lines": 11, "num_statements": 11, "percent_covered": 100.0, "percent_covered_display": "100", "missing_lines": 0, "excluded_lines": 0, "percent_statements_covered": 100.0, "percent_statements_covered_display": "100"}, "missing_lines": [], "excluded_lines": [], "start_line": 1}}}, "src/routers/__init__.py": {"executed_lines": [], "summary": {"covered_lines": 0, "num_statements": 0, "percent_covered": 100.0, "percent_covered_display": "100", "missing_lines": 0, "excluded_lines": 0, "percent_statements_covered": 100.0, "percent_statements_covered_display": "100"}, "missing_lines": [], "excluded_lines": [], "functions": {"": {"executed_lines": [], "summary": {"covered_lines": 0, "num_statements": 0, "percent_covered": 100.0, "percent_covered_display": "100", "missing_lines": 0, "excluded_lines": 0, "percent_statements_covered": 100.0, "percent_statements_covered_display": "100"}, "missing_lines": [], "excluded_lines": [], "start_line": 1}}, "classes": {"": {"executed_lines": [], "summary": {"covered_lines": 0, "num_statements": 0, "percent_covered": 100.0, "percent_covered_display": "100", "missing_lines": 0, "excluded_lines": 0, "percent_statements_covered": 100.0, "percent_statements_covered_display": "100"}, "missing_lines": [], "excluded_lines": [], "start_line": 1}}}, "src/routers/speech.py": {"executed_lines": [3, 4, 6, 8, 9, 15, 16, 17, 18, 19, 20, 22, 24, 27, 28, 29, 30, 31, 32, 35, 38, 39, 40, 43, 46, 47, 51, 54, 57, 58, 59, 62, 72, 73, 75, 76, 77, 79, 82, 92, 95, 96, 114, 115, 116, 119, 127, 128, 130, 131, 216, 224, 225, 230, 231, 234, 244, 247, 251, 254, 255], "summary": {"covered_lines": 61, "num_statements": 98, "percent_covered": 62.244897959183675, "percent_covered_display": "62", "missing_lines": 37, "excluded_lines": 0, "percent_statements_covered": 62.244897959183675, "percent_statements_covered_display": "62"}, "missing_lines": [134, 135, 136, 141, 143, 150, 151, 152, 159, 160, 163, 166, 168, 169, 176, 183, 184, 189, 190, 193, 201, 203, 209, 210, 211, 212, 213, 217, 226, 227, 228, 229, 232, 245, 248, 252, 256], "excluded_lines": [], "functions": {"get_synthesis_engine": {"executed_lines": [38, 39, 40], "summary": {"covered_lines": 3, "num_statements": 3, "percent_covered": 100.0, "percent_covered_display": "100", "missing_lines": 0, "excluded_lines": 0, "percent_statements_covered": 100.0, "percent_statements_covered_display": "100"}, "missing_lines": [], "excluded_lines": [], "start_line": 35}, "get_circuit_breaker": {"executed_lines": [46, 47, 51], "summary": {"covered_lines": 3, "num_statements": 3, "percent_covered": 100.0, "percent_covered_display": "100", "missing_lines": 0, "excluded_lines": 0, "percent_statements_covered": 100.0, "percent_statements_covered_display": "100"}, "missing_lines": [], "excluded_lines": [], "start_line": 43}, "get_cache": {"executed_lines": [57, 58, 59], "summary": {"covered_lines": 3, "num_statements": 3, "percent_covered": 100.0, "percent_covered_display": "100", "missing_lines": 0, "excluded_lines": 0, "percent_statements_covered": 100.0, "percent_statements_covered_display": "100"}, "missing_lines": [], "excluded_lines": [], "start_line": 54}, "get_effective_voice": {"executed_lines": [72, 73, 75, 76, 77, 79], "summary": {"covered_lines": 6, "num_statements": 6, "percent_covered": 100.0, "percent_covered_display": "100", "missing_lines": 0, "excluded_lines": 0, "percent_statements_covered": 100.0, "percent_statements_covered_display": "100"}, "missing_lines": [], "excluded_lines": [], "start_line": 62}, "get_effective_speed": {"executed_lines": [92], "summary": {"covered_lines": 1, "num_statements": 1, "percent_covered": 100.0, "percent_covered_display": "100", "missing_lines": 0, "excluded_lines": 0, "percent_statements_covered": 100.0, "percent_statements_covered_display": "100"}, "missing_lines": [], "excluded_lines": [], "start_line": 82}, "generate_speech": {"executed_lines": [114, 115, 116, 119, 127, 128, 130, 131], "summary": {"covered_lines": 8, "num_statements": 35, "percent_covered": 22.857142857142858, "percent_covered_display": "23", "missing_lines": 27, "excluded_lines": 0, "percent_statements_covered": 22.857142857142858, "percent_statements_covered_display": "23"}, "missing_lines": [134, 135, 136, 141, 143, 150, 151, 152, 159, 160, 163, 166, 168, 169, 176, 183, 184, 189, 190, 193, 201, 203, 209, 210, 211, 212, 213], "excluded_lines": [], "start_line": 96}, "list_voices": {"executed_lines": [224, 225, 230, 231, 234], "summary": {"covered_lines": 5, "num_statements": 10, "percent_covered": 50.0, "percent_covered_display": "50", "missing_lines": 5, "excluded_lines": 0, "percent_statements_covered": 50.0, "percent_statements_covered_display": "50"}, "missing_lines": [226, 227, 228, 229, 232], "excluded_lines": [], "start_line": 217}, "circuit_breaker_health": {"executed_lines": [247], "summary": {"covered_lines": 1, "num_statements": 2, "percent_covered": 50.0, "percent_covered_display": "50", "missing_lines": 1, "excluded_lines": 0, "percent_statements_covered": 50.0, "percent_statements_covered_display": "50"}, "missing_lines": [248], "excluded_lines": [], "start_line": 245}, "reset_circuit_breaker": {"executed_lines": [254, 255], "summary": {"covered_lines": 2, "num_statements": 3, "percent_covered": 66.66666666666667, "percent_covered_display": "67", "missing_lines": 1, "excluded_lines": 0, "percent_statements_covered": 66.66666666666667, "percent_statements_covered_display": "67"}, "missing_lines": [256], "excluded_lines": [], "start_line": 252}, "": {"executed_lines": [3, 4, 6, 8, 9, 15, 16, 17, 18, 19, 20, 22, 24, 27, 28, 29, 30, 31, 32, 35, 43, 54, 62, 82, 95, 96, 216, 244, 251], "summary": {"covered_lines": 29, "num_statements": 32, "percent_covered": 90.625, "percent_covered_display": "91", "missing_lines": 3, "excluded_lines": 0, "percent_statements_covered": 90.625, "percent_statements_covered_display": "91"}, "missing_lines": [217, 245, 252], "excluded_lines": [], "start_line": 1}}, "classes": {"": {"executed_lines": [3, 4, 6, 8, 9, 15, 16, 17, 18, 19, 20, 22, 24, 27, 28, 29, 30, 31, 32, 35, 38, 39, 40, 43, 46, 47, 51, 54, 57, 58, 59, 62, 72, 73, 75, 76, 77, 79, 82, 92, 95, 96, 114, 115, 116, 119, 127, 128, 130, 131, 216, 224, 225, 230, 231, 234, 244, 247, 251, 254, 255], "summary": {"covered_lines": 61, "num_statements": 98, "percent_covered": 62.244897959183675, "percent_covered_display": "62", "missing_lines": 37, "excluded_lines": 0, "percent_statements_covered": 62.244897959183675, "percent_statements_covered_display": "62"}, "missing_lines": [134, 135, 136, 141, 143, 150, 151, 152, 159, 160, 163, 166, 168, 169, 176, 183, 184, 189, 190, 193, 201, 203, 209, 210, 211, 212, 213, 217, 226, 227, 228, 229, 232, 245, 248, 252, 256], "excluded_lines": [], "start_line": 1}}}}, "totals": {"covered_lines": 702, "num_statements": 1084, "percent_covered": 64.76014760147602, "percent_covered_display": "65", "missing_lines": 382, "excluded_lines": 0, "percent_statements_covered": 64.76014760147602, "percent_statements_covered_display": "65"}}